
----------------------------------------------------------------------
A runtime error was detected at time 236.27009 at the following block:

 *    1 2$              CREATE,1,MinutesToBaseTime(0.0),Entity 1:
                            MinutesToBaseTime(EXPO(50)):
                            NEXT(3$);

Maximum of 150 entities exceeded.
Possible causes:
- A logic problem in your model is creating too many entities or not
  disposing them. The run controller may be helpful in finding the problem.
- You are in demo mode and have exceeded the entity limit. The commercial
  version is required to run large models.
- You have set an entity limit on the DISCRETE element that is too small.
  Remove the limit or set it to a larger number.
- You have exceeded the standard array s 
pace for models. Use the Array Sizes
  page in the Run/Setup dialog to increase the RSET space allocated and
  recheck your model.
----------------------------------------------------------------------


SIMAN Run Controller.

236.27009 Hours>
                                      ARENA Simulation Results
                            sm1998rakibul@gmail.com - License:           

                                  Summary for Replication 1 of 1

Project: Caewash Model                                               Run execution date : 4/13/2021
Analyst: sm1998rakibul@gmail.com                                     Model revision date: 4/13/2021

Replication ended at time      : 236.27009 Hours 
Base Time Units: Hours

                                           TALLY VARIABLES

Identifier                                  Average   Half Width  Minimum    Maximum   Observations
___________________________________________________________________________________________________

Entity 1.VATime                             2.0135     (Insuf)    1.0028     2.9947        117    
Entity 1.NVATime                            .00000     (Insuf)    .00000     .00000        117    
Entity 1.WaitTime                           65.670     (Insuf)    .00000     130.21        117    
Entity 1.TranTime                           .00000     (Insuf)    .00000     .00000        117    
Entity 1.OtherTime                          .00000     (Insuf)    .00000     .00000        117    
Entity 1.TotalTime                          67.684     (Insuf)    1.7186     132.28        117    
Process 1.Queue.WaitingTime                 66.230     (Insuf)    .00000     131.71        118    

                                     DISCRETE-CHANGE VARIABLES

Identifier                                  Average   Half Width  Minimum    Maximum   Final Value
___________________________________________________________________________________________________

Entity 1.WIP                                72.679     (Corr)     .00000     148.00     148.00    
Resource 1.NumberBusy                       1.0000     (Insuf)    .00000     1.0000     1.0000    
Resource 1.NumberScheduled                  1.0000     (Insuf)    1.0000     1.0000     1.0000    
Resource 1.Utilization                      1.0000     (Insuf)    .00000     1.0000     1.0000    
Process 1.Queue.NumberInQueue               71.679     (Corr)     .00000     147.00     147.00    

                                             OUTPUTS

Identifier                                   Value
_____________________________________________________________

Entity 1.NumberIn                           265.00    
Entity 1.NumberOut                          117.00    
Resource 1.NumberSeized                     118.00    
Resource 1.ScheduledUtilization             1.0000    
System.NumberOut                            117.00    


Simulation run time: 0.32 minutes.
Simulation run completed with 1 error(s) and 0 warning(s).
